0 info it worked if it ends with ok
1 verbose cli [ 'D:\\nodejs\\node.exe',
1 verbose cli   'D:\\nodejs\\node_modules\\npm\\bin\\npm-cli.js',
1 verbose cli   'run',
1 verbose cli   'dev' ]
2 info using npm@3.10.10
3 info using node@v6.11.2
4 verbose run-script [ 'predev', 'dev', 'postdev' ]
5 info lifecycle project_34@1.0.0~predev: project_34@1.0.0
6 silly lifecycle project_34@1.0.0~predev: no script for predev, continuing
7 info lifecycle project_34@1.0.0~dev: project_34@1.0.0
8 verbose lifecycle project_34@1.0.0~dev: unsafe-perm in lifecycle true
9 verbose lifecycle project_34@1.0.0~dev: PATH: D:\nodejs\node_modules\npm\bin\node-gyp-bin;C:\Users\Administrator\Desktop\vue-item\node_modules\.bin;C:\windows\system32;C:\windows;C:\windows\System32\Wbem;C:\windows\System32\WindowsPowerShell\v1.0\;D:\nodejs\;C:\Program Files\Git\cmd;;D:\Microsoft VS Code\bin;C:\Users\Administrator\AppData\Roaming\npm
10 verbose lifecycle project_34@1.0.0~dev: CWD: C:\Users\Administrator\Desktop\vue-item
11 silly lifecycle project_34@1.0.0~dev: Args: [ '/d /s /c',
11 silly lifecycle   'webpack-dev-server --inline --hot --open --port 12345' ]
12 silly lifecycle project_34@1.0.0~dev: Returned: code: 3221225786  signal: null
13 info lifecycle project_34@1.0.0~dev: Failed to exec dev script
14 verbose stack Error: project_34@1.0.0 dev: `webpack-dev-server --inline --hot --open --port 12345`
14 verbose stack Exit status 3221225786
14 verbose stack     at EventEmitter.<anonymous> (D:\nodejs\node_modules\npm\lib\utils\lifecycle.js:255:16)
14 verbose stack     at emitTwo (events.js:106:13)
14 verbose stack     at EventEmitter.emit (events.js:191:7)
14 verbose stack     at ChildProcess.<anonymous> (D:\nodejs\node_modules\npm\lib\utils\spawn.js:40:14)
14 verbose stack     at emitTwo (events.js:106:13)
14 verbose stack     at ChildProcess.emit (events.js:191:7)
14 verbose stack     at maybeClose (internal/child_process.js:891:16)
14 verbose stack     at Process.ChildProcess._handle.onexit (internal/child_process.js:226:5)
15 verbose pkgid project_34@1.0.0
16 verbose cwd C:\Users\Administrator\Desktop\vue-item
17 error Windows_NT 6.1.7601
18 error argv "D:\\nodejs\\node.exe" "D:\\nodejs\\node_modules\\npm\\bin\\npm-cli.js" "run" "dev"
19 error node v6.11.2
20 error npm  v3.10.10
21 error code ELIFECYCLE
22 error project_34@1.0.0 dev: `webpack-dev-server --inline --hot --open --port 12345`
22 error Exit status 3221225786
23 error Failed at the project_34@1.0.0 dev script 'webpack-dev-server --inline --hot --open --port 12345'.
23 error Make sure you have the latest version of node.js and npm installed.
23 error If you do, this is most likely a problem with the project_34 package,
23 error not with npm itself.
23 error Tell the author that this fails on your system:
23 error     webpack-dev-server --inline --hot --open --port 12345
23 error You can get information on how to open an issue for this project with:
23 error     npm bugs project_34
23 error Or if that isn't available, you can get their info via:
23 error     npm owner ls project_34
23 error There is likely additional logging output above.
24 verbose exit [ 1, true ]
